Picked up JAVA_TOOL_OPTIONS: -XX:+UseContainerSupport -XX:ActiveProcessorCount=1
[INFO] Scanning for projects...
[INFO] 
[INFO] -----------------------------< ktlib:user >-----------------------------
[INFO] Building user 0.0.1-SNAPSHOT
[INFO]   from pom.xml
[INFO] --------------------------------[ jar ]---------------------------------
[INFO] 
[INFO] --- resources:3.1.0:resources (default-resources) @ user ---
[INFO] Using 'UTF-8' encoding to copy filtered resources.
[INFO] Copying 1 resource
[INFO] Copying 0 resource
[INFO] 
[INFO] --- compiler:3.8.1:compile (default-compile) @ user ---
[INFO] Nothing to compile - all classes are up to date
[INFO] 
[INFO] --- resources:3.1.0:testResources (default-testResources) @ user ---
[INFO] Using 'UTF-8' encoding to copy filtered resources.
[INFO] skip non existing resourceDirectory /workspace/ktlib/user/src/test/resources
[INFO] 
[INFO] --- compiler:3.8.1:testCompile (default-testCompile) @ user ---
[INFO] No sources to compile
[INFO] 
[INFO] --- surefire:2.22.2:test (default-test) @ user ---
[INFO] Tests are skipped.
[INFO] 
[INFO] --- jar:3.2.0:jar (default-jar) @ user ---
[INFO] Building jar: /workspace/ktlib/user/target/user-0.0.1-SNAPSHOT.jar
[INFO] 
[INFO] --- spring-boot:2.3.1.RELEASE:repackage (repackage) @ user ---
[INFO] Replacing main artifact with repackaged archive
[INFO] ------------------------------------------------------------------------
[INFO] BUILD SUCCESS
[INFO] ------------------------------------------------------------------------
[INFO] Total time:  3.005 s
[INFO] Finished at: 2025-07-04T02:39:49Z
[INFO] ------------------------------------------------------------------------
